<?xml version="1.0" encoding="UTF-8"?>
<!-- Generated by org.testng.reporters.JUnitReportReporter -->
<testsuite hostname="DESKTOP-OJFEH9S" failures="0" tests="1" name="hrm.browser" time="76.342" errors="0" timestamp="2023-05-02T17:42:49 IST" skipped="0">
  <testcase classname="hrm.browser" name="verify_the_browser_launching" time="76.342"/>
  <system-out/>
</testsuite> <!-- hrm.browser -->
